<?xml version="1.0" encoding="UTF-8"?>
<!-- Generated by org.testng.reporters.JUnitXMLReporter -->
<testsuite hostname="Hp-PC" name="Default test" tests="6" failures="0" timestamp="9 Apr 2016 14:18:39 GMT" time="60.327" errors="0">
  <testcase name="checkSortByDropdown" time="0.602" classname="pages.frontend.WichTelevisionTest"/>
  <testcase name="filterByBrandPhilips" time="4.386" classname="pages.frontend.WichTelevisionTest"/>
  <testcase name="goToAdviceGuidesPage" time="2.582" classname="pages.frontend.WichTelevisionTest"/>
  <testcase name="goToBestBuyPage" time="2.178" classname="pages.frontend.WichTelevisionTest"/>
  <testcase name="openTvProductSummaryPage" time="1.984" classname="pages.frontend.WichTelevisionTest"/>
  <testcase name="sortByPriceLowToHigh" time="4.813" classname="pages.frontend.WichTelevisionTest"/>
</testsuite> <!-- Default test -->
